<?xml version="1.0" encoding="UTF-8"?>
<!-- Generated by org.testng.reporters.JUnitReportReporter -->
<testsuite skipped="0" hostname="NBADEX11X243" name="cl.mjstore.testcase.Test1" tests="2" failures="0" timestamp="04 jul 2018 20:48:03 GMT" time="11.675" errors="0">
  <testcase name="simulador_de_creditos" time="2.850" classname="cl.mjstore.testcase.Test1"/>
  <testcase name="simulador_de_creditos" time="8.825" classname="cl.mjstore.testcase.Test1"/>
</testsuite> <!-- cl.mjstore.testcase.Test1 -->
